$Version1
00000000 0 0 0 0 0 Date:  11/10/2015  Time:  03:45:55 PM
00000000 0 0 0 0 0 Compile...
00000000 0 0 0 0 0 newgenpns\SIMATIC 300(1)\IM151-8 PN/DP CPU\...\Blocks
00000000 0 0 0 0 0 Start Compilation...
10000000 0 0 0 0 0   FC118  [STL]
$OD: 116102 2b 116001 1 112001 47
$ENDOD
10000000 0 0 0 0 0   FC200  [STL]
$OD: 116102 d 116001 1 112001 47
$ENDOD
10000000 0 0 0 0 0   FC300  [STL]
$OD: 116102 f 116001 1 112001 47
$ENDOD
10000000 0 0 0 0 0   FC106  [FBD]
$OD: 116102 20 116001 1 112001 47
$ENDOD
$ENDOD
00000000 0 0 0 0 0 0 Error(s), 0 Warning(s)
00000000 0 0 0 0 0 
40000000 0 0 0 0 0 The S7 program contains the following blocks that are referenced but not available:
10000000 0 0 0 0 0 DB5
00000000 0 0 0 0 0 
